2025-10-04 15:09:32 [main] INFO  Log - Starting Webdriver...
2025-10-04 15:10:20 [main] INFO  Log - Navigating to URL...
2025-10-04 15:10:21 [main] INFO  Log - Starting Login Test...
2025-10-04 15:10:21 [main] INFO  Log - Adding Credentials
2025-10-04 15:10:32 [main] INFO  Log - Closing Browser...
2025-10-04 15:54:16 [main] INFO  Log - Starting Webdriver...
2025-10-04 15:54:25 [main] INFO  Log - Navigating to URL...
2025-10-04 15:54:27 [main] INFO  Log - Starting Login Test...
2025-10-04 15:54:27 [main] INFO  Log - Adding Credentials
2025-10-04 15:54:37 [main] INFO  Log - Closing Browser...
2025-10-04 15:55:40 [main] INFO  Log - Starting Webdriver...
2025-10-04 15:55:48 [main] INFO  Log - Navigating to URL...
2025-10-04 15:55:49 [main] INFO  Log - Starting Login Test...
2025-10-04 15:55:49 [main] INFO  Log - Adding Credentials
2025-10-04 15:55:59 [main] INFO  Log - Clicking Login Button....
2025-10-04 15:56:23 [main] INFO  Log - Verifying page title...
2025-10-04 15:56:26 [main] INFO  Log - Closing Browser...
2025-10-04 16:18:38 [main] INFO  Log - Starting Webdriver...
2025-10-04 16:18:46 [main] INFO  Log - Navigating to URL...
2025-10-04 16:18:48 [main] INFO  Log - Starting Login Test...
2025-10-04 16:18:48 [main] INFO  Log - Adding Credentials
2025-10-04 16:18:58 [main] INFO  Log - Clicking Login Button....
2025-10-04 16:19:09 [main] INFO  Log - Verifying page title...
2025-10-04 16:19:26 [main] INFO  Log - Closing Browser...
2025-10-04 17:14:12 [main] INFO  Log - Starting Webdriver...
2025-10-04 17:14:21 [main] INFO  Log - Navigating to URL...
2025-10-04 17:14:23 [main] INFO  Log - Starting Login Test...
2025-10-04 17:14:23 [main] INFO  Log - Adding Credentials
2025-10-04 17:14:33 [main] INFO  Log - Clicking Login Button....
2025-10-04 17:14:39 [main] INFO  Log - Verifying page title...
2025-10-04 17:14:41 [main] INFO  Log - Closing Browser...
2025-10-04 17:20:43 [main] INFO  Log - Starting Webdriver...
2025-10-04 17:20:52 [main] INFO  Log - Navigating to URL...
2025-10-04 17:20:54 [main] INFO  Log - Starting Login Test...
2025-10-04 17:20:54 [main] INFO  Log - Adding Credentials
2025-10-04 17:21:04 [main] INFO  Log - Clicking Login Button....
2025-10-04 17:21:12 [main] INFO  Log - Verifying page title...
2025-10-04 17:21:31 [main] INFO  Log - Closing Browser...
2025-10-04 17:25:31 [main] INFO  Log - Starting Webdriver...
2025-10-04 17:25:39 [main] INFO  Log - Navigating to URL...
2025-10-04 17:25:41 [main] INFO  Log - Starting Login Test...
2025-10-04 17:25:41 [main] INFO  Log - Adding Credentials
2025-10-04 17:25:53 [main] INFO  Log - Clicking Login Button....
2025-10-04 17:26:01 [main] INFO  Log - Verifying page title...
2025-10-04 17:26:01 [main] INFO  Log - Closing Browser...
2025-10-04 17:26:01 [main] INFO  Log - Starting Webdriver...
2025-10-04 17:26:09 [main] INFO  Log - Navigating to URL...
2025-10-04 17:26:10 [main] INFO  Log - Starting Login Test...
2025-10-04 17:26:10 [main] INFO  Log - Adding Credentials
2025-10-04 17:26:35 [main] INFO  Log - Clicking Login Button....
2025-10-04 17:26:48 [main] INFO  Log - Verifying page title...
2025-10-04 17:27:04 [main] INFO  Log - Closing Browser...
2025-10-04 23:57:22 [main] INFO  Log - Starting Webdriver...
2025-10-04 23:57:35 [main] INFO  Log - Navigating to URL...
2025-10-04 23:57:38 [main] INFO  Log - Starting Login Test...
2025-10-04 23:57:38 [main] INFO  Log - Adding Credentials
2025-10-04 23:57:53 [main] INFO  Log - Clicking Login Button....
2025-10-04 23:58:23 [main] INFO  Log - Verifying page title...
2025-10-04 23:58:33 [main] INFO  Log - Closing Browser...
2025-10-05 01:26:19 [main] INFO  Log - Starting Webdriver...
2025-10-05 01:26:29 [main] INFO  Log - Navigating to URL...
2025-10-05 01:26:31 [main] INFO  Log - Starting Login Test...
2025-10-05 01:26:31 [main] INFO  Log - Adding Credentials
2025-10-05 01:26:41 [main] INFO  Log - Clicking Login Button....
2025-10-05 01:26:43 [main] INFO  Log - Verifying page title...
2025-10-05 01:26:43 [main] INFO  Log - Closing Browser...
2025-10-05 01:26:43 [main] INFO  Log - Starting Webdriver...
2025-10-05 01:26:51 [main] INFO  Log - Navigating to URL...
2025-10-05 01:26:52 [main] INFO  Log - Starting Login Test...
2025-10-05 01:26:52 [main] INFO  Log - Adding Credentials
2025-10-05 01:27:03 [main] INFO  Log - Clicking Login Button....
2025-10-05 01:27:05 [main] INFO  Log - Verifying page title...
2025-10-05 01:27:05 [main] INFO  Log - Closing Browser...
2025-10-05 01:27:05 [main] INFO  Log - Starting Webdriver...
2025-10-05 01:27:13 [main] INFO  Log - Navigating to URL...
2025-10-05 01:27:15 [main] INFO  Log - Starting Login Test...
2025-10-05 01:27:15 [main] INFO  Log - Adding Credentials
2025-10-05 01:27:25 [main] INFO  Log - Clicking Login Button....
2025-10-05 01:27:26 [main] INFO  Log - Verifying page title...
2025-10-05 01:27:26 [main] INFO  Log - Closing Browser...
2025-10-05 01:37:00 [main] INFO  Log - Starting Webdriver...
2025-10-05 01:37:09 [main] INFO  Log - Navigating to URL...
2025-10-05 01:37:11 [main] INFO  Log - Starting Login Test...
2025-10-05 01:37:11 [main] INFO  Log - Adding Credentials
2025-10-05 01:37:20 [main] INFO  Log - Clicking Login Button....
2025-10-05 01:37:22 [main] INFO  Log - Verifying page title...
2025-10-05 01:37:22 [main] INFO  Log - Closing Browser...
2025-10-05 01:37:22 [main] INFO  Log - Starting Webdriver...
2025-10-05 01:37:29 [main] INFO  Log - Navigating to URL...
2025-10-05 01:37:31 [main] INFO  Log - Starting Login Test...
2025-10-05 01:37:31 [main] INFO  Log - Adding Credentials
2025-10-05 01:37:41 [main] INFO  Log - Clicking Login Button....
2025-10-05 01:37:43 [main] INFO  Log - Verifying page title...
2025-10-05 01:37:43 [main] INFO  Log - Closing Browser...
2025-10-05 01:37:43 [main] INFO  Log - Starting Webdriver...
2025-10-05 01:37:50 [main] INFO  Log - Navigating to URL...
2025-10-05 01:37:52 [main] INFO  Log - Starting Login Test...
2025-10-05 01:37:52 [main] INFO  Log - Adding Credentials
2025-10-05 01:38:00 [main] INFO  Log - Clicking Login Button....
2025-10-05 01:38:02 [main] INFO  Log - Verifying page title...
2025-10-05 01:38:03 [main] INFO  Log - Closing Browser...
2025-10-05 01:39:07 [main] INFO  Log - Starting Webdriver...
2025-10-05 01:39:15 [main] INFO  Log - Navigating to URL...
2025-10-05 01:39:17 [main] INFO  Log - Starting Login Test...
2025-10-05 01:39:17 [main] INFO  Log - Adding Credentials
2025-10-05 01:39:25 [main] INFO  Log - Clicking Login Button....
2025-10-05 01:39:27 [main] INFO  Log - Verifying page title...
2025-10-05 01:39:27 [main] INFO  Log - Closing Browser...
2025-10-05 01:39:28 [main] INFO  Log - Starting Webdriver...
2025-10-05 01:39:35 [main] INFO  Log - Navigating to URL...
2025-10-05 01:39:36 [main] INFO  Log - Starting Login Test...
2025-10-05 01:39:36 [main] INFO  Log - Adding Credentials
2025-10-05 01:39:45 [main] INFO  Log - Clicking Login Button....
2025-10-05 01:39:46 [main] INFO  Log - Verifying page title...
2025-10-05 01:39:47 [main] INFO  Log - Closing Browser...
2025-10-05 01:39:47 [main] INFO  Log - Starting Webdriver...
2025-10-05 01:39:54 [main] INFO  Log - Navigating to URL...
2025-10-05 01:39:55 [main] INFO  Log - Starting Login Test...
2025-10-05 01:39:55 [main] INFO  Log - Adding Credentials
2025-10-05 01:40:05 [main] INFO  Log - Clicking Login Button....
2025-10-05 01:40:07 [main] INFO  Log - Verifying page title...
2025-10-05 01:40:07 [main] INFO  Log - Closing Browser...
2025-10-05 01:51:13 [main] INFO  Log - Starting Webdriver...
2025-10-05 01:51:22 [main] INFO  Log - Navigating to URL...
2025-10-05 01:51:24 [main] INFO  Log - Starting Login Test...
2025-10-05 01:51:24 [main] INFO  Log - Adding Credentials
2025-10-05 01:51:33 [main] INFO  Log - Clicking Login Button....
2025-10-05 01:51:36 [main] INFO  Log - Verifying page title...
2025-10-05 01:51:36 [main] INFO  Log - Closing Browser...
2025-10-05 01:51:36 [main] INFO  Log - Starting Webdriver...
2025-10-05 01:51:44 [main] INFO  Log - Navigating to URL...
2025-10-05 01:51:46 [main] INFO  Log - Starting Login Test...
2025-10-05 01:51:46 [main] INFO  Log - Adding Credentials
2025-10-05 01:51:56 [main] INFO  Log - Clicking Login Button....
2025-10-05 01:51:59 [main] INFO  Log - Verifying page title...
2025-10-05 01:51:59 [main] INFO  Log - Closing Browser...
2025-10-05 01:51:59 [main] INFO  Log - Starting Webdriver...
2025-10-05 01:52:07 [main] INFO  Log - Navigating to URL...
2025-10-05 01:52:09 [main] INFO  Log - Starting Login Test...
2025-10-05 01:52:09 [main] INFO  Log - Adding Credentials
2025-10-05 01:52:18 [main] INFO  Log - Clicking Login Button....
2025-10-05 01:52:20 [main] INFO  Log - Verifying page title...
2025-10-05 01:52:20 [main] INFO  Log - Closing Browser...
2025-10-05 01:55:03 [main] INFO  Log - Starting Webdriver...
2025-10-05 01:55:12 [main] INFO  Log - Navigating to URL...
2025-10-05 01:55:14 [main] INFO  Log - Starting Login Test...
2025-10-05 01:55:14 [main] INFO  Log - Adding Credentials
2025-10-05 01:55:24 [main] INFO  Log - Clicking Login Button....
2025-10-05 01:55:25 [main] INFO  Log - Verifying page title...
2025-10-05 01:55:25 [main] INFO  Log - Closing Browser...
2025-10-05 01:55:25 [main] INFO  Log - Starting Webdriver...
2025-10-05 01:55:32 [main] INFO  Log - Navigating to URL...
2025-10-05 01:55:34 [main] INFO  Log - Starting Login Test...
2025-10-05 01:55:34 [main] INFO  Log - Adding Credentials
2025-10-05 01:55:45 [main] INFO  Log - Clicking Login Button....
2025-10-05 01:55:46 [main] INFO  Log - Verifying page title...
2025-10-05 01:55:47 [main] INFO  Log - Closing Browser...
2025-10-05 01:55:47 [main] INFO  Log - Starting Webdriver...
2025-10-05 01:55:54 [main] INFO  Log - Navigating to URL...
2025-10-05 01:55:55 [main] INFO  Log - Starting Login Test...
2025-10-05 01:55:55 [main] INFO  Log - Adding Credentials
2025-10-05 01:56:05 [main] INFO  Log - Clicking Login Button....
2025-10-05 01:56:31 [main] INFO  Log - Verifying page title...
2025-10-05 01:56:32 [main] INFO  Log - Closing Browser...
2025-10-05 02:01:00 [main] INFO  Log - Starting Webdriver...
2025-10-05 02:01:09 [main] INFO  Log - Navigating to URL...
2025-10-05 02:01:23 [main] INFO  Log - Starting Login Test...
2025-10-05 02:01:23 [main] INFO  Log - Adding Credentials
2025-10-05 02:01:34 [main] INFO  Log - Clicking Login Button....
2025-10-05 02:01:35 [main] INFO  Log - Verifying page title...
2025-10-05 02:01:35 [main] INFO  Log - Closing Browser...
2025-10-05 02:01:35 [main] INFO  Log - Starting Webdriver...
2025-10-05 02:01:42 [main] INFO  Log - Navigating to URL...
2025-10-05 02:01:43 [main] INFO  Log - Starting Login Test...
2025-10-05 02:01:43 [main] INFO  Log - Adding Credentials
2025-10-05 02:01:54 [main] INFO  Log - Clicking Login Button....
2025-10-05 02:01:55 [main] INFO  Log - Verifying page title...
2025-10-05 02:01:55 [main] INFO  Log - Closing Browser...
2025-10-05 02:01:55 [main] INFO  Log - Starting Webdriver...
2025-10-05 02:02:02 [main] INFO  Log - Navigating to URL...
2025-10-05 02:02:03 [main] INFO  Log - Starting Login Test...
2025-10-05 02:02:03 [main] INFO  Log - Adding Credentials
2025-10-05 02:02:13 [main] INFO  Log - Clicking Login Button....
2025-10-05 02:02:40 [main] INFO  Log - Verifying page title...
2025-10-05 02:02:40 [main] INFO  Log - Closing Browser...
2025-10-05 02:02:40 [main] INFO  Log - Starting Webdriver...
2025-10-05 02:02:48 [main] INFO  Log - Navigating to URL...
2025-10-05 02:02:49 [main] INFO  Log - Starting Login Test...
2025-10-05 02:02:49 [main] INFO  Log - Adding Credentials
2025-10-05 02:03:00 [main] INFO  Log - Clicking Login Button....
2025-10-05 02:03:01 [main] INFO  Log - Verifying page title...
2025-10-05 02:03:01 [main] INFO  Log - Closing Browser...
2025-10-05 02:11:36 [main] INFO  Log - Starting Webdriver...
2025-10-05 02:11:45 [main] INFO  Log - Navigating to URL...
2025-10-05 02:11:47 [main] INFO  Log - Starting Login Test...
2025-10-05 02:11:47 [main] INFO  Log - Adding Credentials
2025-10-05 02:11:58 [main] INFO  Log - Clicking Login Button....
2025-10-05 02:11:59 [main] INFO  Log - Verifying page title...
2025-10-05 02:11:59 [main] INFO  Log - Closing Browser...
2025-10-05 02:11:59 [main] INFO  Log - Starting Webdriver...
2025-10-05 02:12:07 [main] INFO  Log - Navigating to URL...
2025-10-05 02:12:08 [main] INFO  Log - Starting Login Test...
2025-10-05 02:12:08 [main] INFO  Log - Adding Credentials
2025-10-05 02:12:19 [main] INFO  Log - Clicking Login Button....
2025-10-05 02:12:20 [main] INFO  Log - Verifying page title...
2025-10-05 02:12:21 [main] INFO  Log - Closing Browser...
2025-10-05 02:12:21 [main] INFO  Log - Starting Webdriver...
2025-10-05 02:12:27 [main] INFO  Log - Navigating to URL...
2025-10-05 02:12:29 [main] INFO  Log - Starting Login Test...
2025-10-05 02:12:29 [main] INFO  Log - Adding Credentials
2025-10-05 02:12:42 [main] INFO  Log - Clicking Login Button....
2025-10-05 02:12:43 [main] INFO  Log - Verifying page title...
2025-10-05 02:12:43 [main] INFO  Log - Closing Browser...
2025-10-05 02:21:55 [main] INFO  Log - Starting Webdriver...
2025-10-05 02:22:04 [main] INFO  Log - Navigating to URL...
2025-10-05 02:22:07 [main] INFO  Log - Starting Login Test...
2025-10-05 02:22:07 [main] INFO  Log - Adding Credentials
2025-10-05 02:22:19 [main] INFO  Log - Clicking Login Button....
2025-10-05 02:22:20 [main] INFO  Log - Verifying page title...
2025-10-05 02:22:20 [main] INFO  Log - Closing Browser...
2025-10-05 18:14:46 [main] INFO  Log - Starting Webdriver...
2025-10-05 18:14:56 [main] INFO  Log - Navigating to URL...
2025-10-05 18:15:03 [main] INFO  Log - Starting Login Test...
2025-10-05 18:15:03 [main] INFO  Log - Adding Credentials
2025-10-05 18:15:13 [main] INFO  Log - Clicking Login Button....
2025-10-05 18:15:43 [main] INFO  Log - Verifying page title...
2025-10-05 18:15:43 [main] INFO  Log - Closing Browser...
